GROUP,PACKAGE,CLASS,INSTRUCTION_MISSED,INSTRUCTION_COVERED,BRANCH_MISSED,BRANCH_COVERED,LINE_MISSED,LINE_COVERED,COMPLEXITY_MISSED,COMPLEXITY_COVERED,METHOD_MISSED,METHOD_COVERED
Books Microservice,com.aidanwhiteley.books.domain,User.Role,0,82,0,2,0,15,0,6,0,5
Books Microservice,com.aidanwhiteley.books.domain,Book.Rating,0,71,0,4,0,9,0,5,0,3
Books Microservice,com.aidanwhiteley.books.domain,Owner,8,91,1,7,2,26,1,6,0,3
Books Microservice,com.aidanwhiteley.books.domain,Book,9,136,5,17,2,35,5,11,0,5
Books Microservice,com.aidanwhiteley.books.domain,User,5,47,1,5,1,12,1,6,0,4
Books Microservice,com.aidanwhiteley.books.domain,Comment,1,124,4,12,0,32,4,10,0,6
Books Microservice,com.aidanwhiteley.books.domain,User.AuthenticationProvider,3,32,0,0,1,7,1,2,1,2
Books Microservice,com.aidanwhiteley.books.controller,RestApiExceptionHandler,44,119,2,4,7,22,4,10,2,9
Books Microservice,com.aidanwhiteley.books.controller,BookSecureController,87,398,23,33,13,79,23,21,4,12
Books Microservice,com.aidanwhiteley.books.controller,BookControllerHtmx,106,667,24,46,22,143,28,34,6,21
Books Microservice,com.aidanwhiteley.books.controller,BookSecureControllerHtmx,215,1111,36,54,42,220,40,30,5,20
Books Microservice,com.aidanwhiteley.books.controller,FeedsController,7,123,0,6,2,33,0,7,0,4
Books Microservice,com.aidanwhiteley.books.controller,BookController,34,221,5,21,6,36,9,20,4,12
Books Microservice,com.aidanwhiteley.books.controller,LogonController,8,7,0,0,2,2,1,2,1,2
Books Microservice,com.aidanwhiteley.books.controller,BookControllerHtmxExceptionHandling,40,143,6,6,8,31,7,8,2,7
Books Microservice,com.aidanwhiteley.books.controller,UserController,44,126,5,9,10,33,6,8,1,6
Books Microservice,com.aidanwhiteley.books,BooksApplication,5,3,0,0,2,1,1,1,1,1
Books Microservice,com.aidanwhiteley.books.controller.config,WebSecurityConfiguration,0,211,0,0,0,46,0,15,0,15
Books Microservice,com.aidanwhiteley.books.controller.config,HttpCookieOAuth2AuthorizationRequestRepository,12,155,3,5,3,41,4,10,1,9
Books Microservice,com.aidanwhiteley.books.controller.config,WebSecurityConfiguration.Oauth2AuthenticationSuccessHandler,0,32,0,0,0,7,0,2,0,2
Books Microservice,com.aidanwhiteley.books.controller.config,OpenApiConfig,0,45,0,0,0,9,0,2,0,2
Books Microservice,com.aidanwhiteley.books.controller.config,WebSecurityConfiguration.SpaCsrfTokenRequestHandler,0,47,0,2,0,11,0,4,0,3
Books Microservice,com.aidanwhiteley.books.controller.jwt,JwtAuthenticationService,25,209,7,12,9,53,7,11,0,8
Books Microservice,com.aidanwhiteley.books.controller.jwt,JwtAuthenticationFilter,0,92,3,7,0,26,3,6,0,4
Books Microservice,com.aidanwhiteley.books.controller.jwt,JwtUtils,13,180,1,7,3,41,1,9,0,6
Books Microservice,com.aidanwhiteley.books.controller.jwt,JwtAuthentication,12,194,8,10,2,37,10,13,2,12
Books Microservice,com.aidanwhiteley.books.util,GoodReadsBookExport,18,334,8,14,5,59,8,16,0,13
Books Microservice,com.aidanwhiteley.books.util,ClientInputSanitiserUtils,7,47,0,16,2,11,1,10,1,2
Books Microservice,com.aidanwhiteley.books.util,SiteRssFeed,0,110,0,0,0,27,0,3,0,3
Books Microservice,com.aidanwhiteley.books.util,HtmlSanitiserUtils,7,33,0,0,2,5,1,2,1,2
Books Microservice,com.aidanwhiteley.books.util,LogDetaint,0,6,0,0,0,1,0,1,0,1
Books Microservice,com.aidanwhiteley.books.util,Oauth2AuthenticationUtils,18,83,2,5,3,25,2,8,0,6
Books Microservice,com.aidanwhiteley.books.util,MailClient,8,84,0,0,3,20,0,6,0,6
Books Microservice,com.aidanwhiteley.books.util,JwtAuthenticationUtils,17,126,7,12,6,39,6,13,0,9
Books Microservice,com.aidanwhiteley.books.util,ThreadPoolConfig,0,27,0,0,0,8,0,2,0,2
Books Microservice,com.aidanwhiteley.books.controller.aspect,LimitDataVisibilityAspect,26,114,5,9,10,27,10,8,5,6
Books Microservice,com.aidanwhiteley.books.util.preprod,MongoJavaServerConfig,0,28,0,0,0,8,0,3,0,3
Books Microservice,com.aidanwhiteley.books.util.preprod,DataLoader,49,161,4,10,13,40,4,13,0,10
Books Microservice,com.aidanwhiteley.books.util.preprod,PreProdWarnings,0,90,2,2,0,25,2,5,0,5
Books Microservice,com.aidanwhiteley.books.repository,UserRepositoryImpl,7,88,1,5,2,20,1,6,0,4
Books Microservice,com.aidanwhiteley.books.repository,GoogleBooksDaoSync,15,118,4,6,5,28,4,5,0,4
Books Microservice,com.aidanwhiteley.books.repository,BookRepositoryImpl,61,338,3,3,10,55,4,11,1,11
Books Microservice,com.aidanwhiteley.books.repository,GoogleBooksDaoAsync,29,127,4,4,5,34,6,7,2,7
Books Microservice,com.aidanwhiteley.books.repository,GoogleBooksApiConfig,0,3,0,0,0,1,0,1,0,1
Books Microservice,com.aidanwhiteley.books.service,GoogleBookSearchService,49,255,12,20,8,50,11,11,0,6
Books Microservice,com.aidanwhiteley.books.service,GoodReadsExportService,0,49,0,2,0,10,0,4,0,3
Books Microservice,com.aidanwhiteley.books.service,SignUpNotificationService,9,48,3,3,2,16,3,4,0,4
Books Microservice,com.aidanwhiteley.books.service,UserService,70,418,10,14,13,112,8,22,0,16
Books Microservice,com.aidanwhiteley.books.service,StatsService,0,31,0,0,0,11,0,2,0,2
Books Microservice,com.aidanwhiteley.books.controller.dtos,CommentRec,0,6,0,0,0,1,0,1,0,1
Books Microservice,com.aidanwhiteley.books.controller.dtos,BookForm,0,87,1,3,0,18,1,3,0,2
Books Microservice,com.aidanwhiteley.books.domain.audit,BookAuditor,0,43,0,2,0,11,0,4,0,3
Books Microservice,com.aidanwhiteley.books.repository.exceptions,CommentsStorageException,4,0,0,0,2,0,1,0,1,0
Books Microservice,com.aidanwhiteley.books.controller.exceptions,NotAuthorisedException,0,4,0,0,0,2,0,1,0,1
Books Microservice,com.aidanwhiteley.books.controller.exceptions,NotFoundException,0,4,0,0,0,2,0,1,0,1
Books Microservice,com.aidanwhiteley.books.controller.exceptions,IllegalArgumentException,4,0,0,0,2,0,1,0,1,0
Books Microservice,com.aidanwhiteley.books.controller.exceptions,JwtAuthAuzException,0,4,0,0,0,2,0,1,0,1
Books Microservice,com.aidanwhiteley.books.repository.dtos,BooksByRating,0,8,0,0,0,1,0,1,0,1
Books Microservice,com.aidanwhiteley.books.repository.dtos,GoogleBookSearch,0,19,0,0,0,8,0,1,0,1
